<?xml version="1.0" encoding="UTF-8"?>
<testsuite xmlns:xsi="http://www.w3.org/2001/XMLSchema-instance" xsi:noNamespaceSchemaLocation="https://maven.apache.org/surefire/maven-surefire-plugin/xsd/surefire-test-report.xsd" version="3.0.2" name="com.flowty.PomodoroApplicationTests" time="1.981" tests="1" errors="0" skipped="0" failures="0">
  <properties>
[...]
</properties>
  <testcase name="contextLoads" classname="com.flowty.PomodoroApplicationTests" time="0.005">
    <system-out><![CDATA[2026-07-16T15:37:57.926-05:00  INFO 90329 --- [flowty] [           main] t.c.s.AnnotationConfigContextLoaderUtils : Could not detect default configuration classes for test class [com.flowty.PomodoroApplicationTests]: PomodoroApplicationTests does not declare any static, non-private, non-final, nested classes annotated with @Configuration.
2026-07-16T15:37:57.931-05:00  INFO 90329 --- [flowty] [           main] .b.t.c.SpringBootTestContextBootstrapper : Found @SpringBootConfiguration com.flowty.FlowtyApplication for test class com.flowty.PomodoroApplicationTests

  .   ____          _            __ _ _
 /\\ / ___'_ __ _ _(_)_ __  __ _ \ \ \ \
( ( )\___ | '_ | '_| | '_ \/ _` | \ \ \ \
 \\/  ___)| |_)| | | | | || (_| |  ) ) ) )
  '  |____| .__|_| |_|_| |_\__, | / / / /
 =========|_|==============|___/=/_/_/_/

 :: Spring Boot ::                (v3.4.1)

2026-07-16T15:37:57.962-05:00  INFO 90329 --- [flowty] [           main] com.flowty.PomodoroApplicationTests      : Starting PomodoroApplicationTests using Java 22.0.1 with PID 90329 (started by ben in /Users/ben/coding/Project-Cozy)
2026-07-16T15:37:57.962-05:00  INFO 90329 --- [flowty] [           main] com.flowty.PomodoroApplicationTests      : The following 1 profile is active: "dev"
2026-07-16T15:37:58.358-05:00  INFO 90329 --- [flowty] [           main] .s.d.r.c.RepositoryConfigurationDelegate : Bootstrapping Spring Data JPA repositories in DEFAULT mode.
2026-07-16T15:37:58.366-05:00  INFO 90329 --- [flowty] [           main] .s.d.r.c.RepositoryConfigurationDelegate : Finished Spring Data repository scanning in 7 ms. Found 4 JPA repository interfaces.
2026-07-16T15:37:58.605-05:00  INFO 90329 --- [flowty] [           main] o.hibernate.jpa.internal.util.LogHelper  : HHH000204: Processing PersistenceUnitInfo [name: default]
2026-07-16T15:37:58.606-05:00  INFO 90329 --- [flowty] [           main] o.h.c.internal.RegionFactoryInitiator    : HHH000026: Second-level cache disabled
2026-07-16T15:37:58.611-05:00  INFO 90329 --- [flowty] [           main] o.s.o.j.p.SpringPersistenceUnitInfo      : No LoadTimeWeaver setup: ignoring JPA class transformer
2026-07-16T15:37:58.612-05:00  INFO 90329 --- [flowty] [           main] com.zaxxer.hikari.HikariDataSource       : HikariPool-1 - Starting...
2026-07-16T15:37:58.619-05:00  INFO 90329 --- [flowty] [           main] com.zaxxer.hikari.pool.HikariPool        : HikariPool-1 - Added connection conn5: url=jdbc:h2:mem:d20dashboard user=SA
2026-07-16T15:37:58.620-05:00  INFO 90329 --- [flowty] [           main] com.zaxxer.hikari.HikariDataSource       : HikariPool-1 - Start completed.
2026-07-16T15:37:58.623-05:00  WARN 90329 --- [flowty] [           main] org.hibernate.orm.deprecation            : HHH90000025: H2Dialect does not need to be specified explicitly using 'hibernate.dialect' (remove the property setting and it will be selected by default)
2026-07-16T15:37:58.625-05:00  INFO 90329 --- [flowty] [           main] org.hibernate.orm.connections.pooling    : HHH10001005: Database info:
	Database JDBC URL [Connecting through datasource 'HikariDataSource (HikariPool-1)']
	Database driver: undefined/unknown
	Database version: 2.3.232
	Autocommit mode: undefined/unknown
	Isolation level: undefined/unknown
	Minimum pool size: undefined/unknown
	Maximum pool size: undefined/unknown
2026-07-16T15:37:58.688-05:00  INFO 90329 --- [flowty] [           main] o.h.e.t.j.p.i.JtaPlatformInitiator       : HHH000489: No JTA platform available (set 'hibernate.transaction.jta.platform' to enable JTA platform integration)
Hibernate: 
    drop table if exists stamp_cards cascade 
Hibernate: 
    drop table if exists stamp_slots cascade 
Hibernate: 
    drop table if exists timer_state cascade 
Hibernate: 
    drop table if exists todo_list_items cascade 
Hibernate: 
    drop table if exists users cascade 
Hibernate: 
    create table stamp_cards (
        redeemed boolean not null,
        total_stamps integer not null,
        created_at timestamp(6) with time zone not null,
        id uuid not null,
        user_id uuid not null,
        primary key (id)
    )
Hibernate: 
    create table stamp_slots (
        filled boolean not null,
        slot_number integer not null,
        filled_at timestamp(6) with time zone,
        id bigint generated by default as identity,
        stamp_card_id uuid not null,
        primary key (id)
    )
Hibernate: 
    create table timer_state (
        break_duration integer not null,
        break_remaining integer not null,
        completed_sessions integer not null,
        running boolean not null,
        work_duration integer not null,
        work_remaining integer not null,
        id bigint not null,
        last_tick timestamp(6) with time zone not null,
        mode enum ('BREAK','WORK') not null,
        primary key (id)
    )
Hibernate: 
    create table todo_list_items (
        completed boolean not null,
        current_streak integer,
        estimated_minutes integer,
        longest_streak integer,
        roll_number integer,
        id bigint generated by default as identity,
        user_id uuid not null,
        item_type varchar(31) not null,
        category varchar(255),
        description varchar(255),
        frequency varchar(255),
        title varchar(255) not null,
        primary key (id)
    )
Hibernate: 
    create table users (
        created_at timestamp(6) with time zone not null,
        id uuid not null,
        username varchar(50) not null unique,
        email varchar(100) not null unique,
        password varchar(255) not null,
        primary key (id)
    )
Hibernate: 
    alter table if exists stamp_cards 
       add constraint FKptwcghfvxt7a64a24nim8260q 
       foreign key (user_id) 
       references users
Hibernate: 
    alter table if exists stamp_slots 
       add constraint FKbbkgpch2m5m8w03x25s988mbd 
       foreign key (stamp_card_id) 
       references stamp_cards
Hibernate: 
    alter table if exists todo_list_items 
       add constraint FKj5u5avewjbsn0hkcgv2vfwqau 
       foreign key (user_id) 
       references users
2026-07-16T15:37:58.695-05:00  INFO 90329 --- [flowty] [           main] j.LocalContainerEntityManagerFactoryBean : Initialized JPA EntityManagerFactory for persistence unit 'default'
2026-07-16T15:37:58.821-05:00  INFO 90329 --- [flowty] [           main] r$InitializeUserDetailsManagerConfigurer : Global AuthenticationManager configured with UserDetailsService bean with name userDetailsServiceImpl
2026-07-16T15:37:58.965-05:00  WARN 90329 --- [flowty] [           main] JpaBaseConfiguration$JpaWebConfiguration : spring.jpa.open-in-view is enabled by default. Therefore, database queries may be performed during view rendering. Explicitly configure spring.jpa.open-in-view to disable this warning
2026-07-16T15:37:59.082-05:00  INFO 90329 --- [flowty] [           main] o.s.b.a.w.s.WelcomePageHandlerMapping    : Adding welcome page: class path resource [static/index.html]
2026-07-16T15:37:59.292-05:00  INFO 90329 --- [flowty] [           main] o.s.b.a.e.web.EndpointLinksResolver      : Exposing 1 endpoint beneath base path '/actuator'
2026-07-16T15:37:59.649-05:00  INFO 90329 --- [flowty] [           main] o.s.b.a.h2.H2ConsoleAutoConfiguration    : H2 console available at '/h2-console'. Database available at 'jdbc:h2:mem:d20dashboard'
2026-07-16T15:37:59.704-05:00  INFO 90329 --- [flowty] [           main] com.flowty.PomodoroApplicationTests      : Started PomodoroApplicationTests in 1.766 seconds (process running for 5.458)
Hibernate: 
    select
        u1_0.id 
    from
        users u1_0 
    where
        u1_0.username=? 
    fetch
        first ? rows only
Hibernate: 
    insert 
    into
        users
        (created_at, email, password, username, id) 
    values
        (?, ?, ?, ?, ?)
Hibernate: 
    insert 
    into
        todo_list_items
        (completed, description, title, user_id, category, estimated_minutes, roll_number, item_type, id) 
    values
        (?, ?, ?, ?, ?, ?, ?, 'CHORE', default)
Hibernate: 
    insert 
    into
        todo_list_items
        (completed, description, title, user_id, category, estimated_minutes, roll_number, item_type, id) 
    values
        (?, ?, ?, ?, ?, ?, ?, 'CHORE', default)
Hibernate: 
    insert 
    into
        todo_list_items
        (completed, description, title, user_id, category, estimated_minutes, roll_number, item_type, id) 
    values
        (?, ?, ?, ?, ?, ?, ?, 'CHORE', default)
Hibernate: 
    insert 
    into
        todo_list_items
        (completed, description, title, user_id, category, estimated_minutes, roll_number, item_type, id) 
    values
        (?, ?, ?, ?, ?, ?, ?, 'CHORE', default)
Hibernate: 
    insert 
    into
        todo_list_items
        (completed, description, title, user_id, category, estimated_minutes, roll_number, item_type, id) 
    values
        (?, ?, ?, ?, ?, ?, ?, 'CHORE', default)
Hibernate: 
    insert 
    into
        todo_list_items
        (completed, description, title, user_id, category, estimated_minutes, roll_number, item_type, id) 
    values
        (?, ?, ?, ?, ?, ?, ?, 'CHORE', default)
Hibernate: 
    insert 
    into
        todo_list_items
        (completed, description, title, user_id, category, estimated_minutes, roll_number, item_type, id) 
    values
        (?, ?, ?, ?, ?, ?, ?, 'CHORE', default)
Hibernate: 
    insert 
    into
        todo_list_items
        (completed, description, title, user_id, category, estimated_minutes, roll_number, item_type, id) 
    values
        (?, ?, ?, ?, ?, ?, ?, 'CHORE', default)
Hibernate: 
    insert 
    into
        todo_list_items
        (completed, description, title, user_id, category, estimated_minutes, roll_number, item_type, id) 
    values
        (?, ?, ?, ?, ?, ?, ?, 'CHORE', default)
Hibernate: 
    insert 
    into
        todo_list_items
        (completed, description, title, user_id, category, estimated_minutes, roll_number, item_type, id) 
    values
        (?, ?, ?, ?, ?, ?, ?, 'CHORE', default)
Hibernate: 
    insert 
    into
        todo_list_items
        (completed, description, title, user_id, category, estimated_minutes, roll_number, item_type, id) 
    values
        (?, ?, ?, ?, ?, ?, ?, 'CHORE', default)
Hibernate: 
    insert 
    into
        todo_list_items
        (completed, description, title, user_id, category, estimated_minutes, roll_number, item_type, id) 
    values
        (?, ?, ?, ?, ?, ?, ?, 'CHORE', default)
Hibernate: 
    insert 
    into
        todo_list_items
        (completed, description, title, user_id, category, estimated_minutes, roll_number, item_type, id) 
    values
        (?, ?, ?, ?, ?, ?, ?, 'CHORE', default)
Hibernate: 
    insert 
    into
        todo_list_items
        (completed, description, title, user_id, category, estimated_minutes, roll_number, item_type, id) 
    values
        (?, ?, ?, ?, ?, ?, ?, 'CHORE', default)
Hibernate: 
    insert 
    into
        todo_list_items
        (completed, description, title, user_id, category, estimated_minutes, roll_number, item_type, id) 
    values
        (?, ?, ?, ?, ?, ?, ?, 'CHORE', default)
Hibernate: 
    insert 
    into
        todo_list_items
        (completed, description, title, user_id, category, estimated_minutes, roll_number, item_type, id) 
    values
        (?, ?, ?, ?, ?, ?, ?, 'CHORE', default)
Hibernate: 
    insert 
    into
        todo_list_items
        (completed, description, title, user_id, category, estimated_minutes, roll_number, item_type, id) 
    values
        (?, ?, ?, ?, ?, ?, ?, 'CHORE', default)
Hibernate: 
    insert 
    into
        todo_list_items
        (completed, description, title, user_id, category, estimated_minutes, roll_number, item_type, id) 
    values
        (?, ?, ?, ?, ?, ?, ?, 'CHORE', default)
Hibernate: 
    insert 
    into
        todo_list_items
        (completed, description, title, user_id, category, estimated_minutes, roll_number, item_type, id) 
    values
        (?, ?, ?, ?, ?, ?, ?, 'CHORE', default)
Hibernate: 
    insert 
    into
        todo_list_items
        (completed, description, title, user_id, category, estimated_minutes, roll_number, item_type, id) 
    values
        (?, ?, ?, ?, ?, ?, ?, 'CHORE', default)
]]></system-out>
  </testcase>
</testsuite>